Array
(
    [MIBDIRS] => /xampp/php/extras/mibs
    [MYSQL_HOME] => \xampp\mysql\bin
    [OPENSSL_CONF] => /xampp/apache/bin/openssl.cnf
    [PHP_PEAR_SYSCONF_DIR] => \xampp\php
    [PHPRC] => \xampp\php
    [TMP] => \xampp\tmp
    [HTTP_HOST] => 8e086d3ddab5.ngrok-free.app
    [HTTP_USER_AGENT] => Mozilla/5.0 (Windows NT 10.0; Win64; x64; rv:143.0) Gecko/20100101 Firefox/143.0
    [HTTP_ACCEPT] => text/html,application/xhtml+xml,application/xml;q=0.9,*/*;q=0.8
    [HTTP_ACCEPT_ENCODING] => gzip, deflate, br, zstd
    [HTTP_ACCEPT_LANGUAGE] => en-US,en;q=0.5
    [HTTP_COOKIE] => abuse_interstitial=8e086d3ddab5.ngrok-free.app; PHPSESSID=uuuuf45c74hffmtjjp438sckf4
    [HTTP_PRIORITY] => u=0, i
    [HTTP_REFERER] => https://pay.pesapal.com/
    [HTTP_SEC_FETCH_DEST] => document
    [HTTP_SEC_FETCH_MODE] => navigate
    [HTTP_SEC_FETCH_SITE] => cross-site
    [HTTP_TE] => trailers
    [HTTP_UPGRADE_INSECURE_REQUESTS] => 1
    [HTTP_X_FORWARDED_FOR] => 105.160.50.13
    [HTTP_X_FORWARDED_HOST] => 8e086d3ddab5.ngrok-free.app
    [HTTP_X_FORWARDED_PROTO] => https
    [PATH] => C:\Windows\system32;C:\Windows;C:\Windows\System32\Wbem;C:\Windows\System32\WindowsPowerShell\v1.0\;C:\Windows\System32\OpenSSH\;C:\Program Files\Intel\WiFi\bin\;C:\Program Files\Common Files\Intel\WirelessCommon\;C:\Program Files\Git\cmd;C:\Windows\system32\config\systemprofile\AppData\Local\Microsoft\WindowsApps
    [SystemRoot] => C:\Windows
    [COMSPEC] => C:\Windows\system32\cmd.exe
    [PATHEXT] => .COM;.EXE;.BAT;.CMD;.VBS;.VBE;.JS;.JSE;.WSF;.WSH;.MSC
    [WINDIR] => C:\Windows
    [SERVER_SIGNATURE] => <address>Apache/2.4.58 (Win64) OpenSSL/3.1.3 PHP/8.0.30 Server at 8e086d3ddab5.ngrok-free.app Port 80</address>

    [SERVER_SOFTWARE] => Apache/2.4.58 (Win64) OpenSSL/3.1.3 PHP/8.0.30
    [SERVER_NAME] => 8e086d3ddab5.ngrok-free.app
    [SERVER_ADDR] => ::1
    [SERVER_PORT] => 80
    [REMOTE_ADDR] => ::1
    [DOCUMENT_ROOT] => C:/xampp/htdocs
    [REQUEST_SCHEME] => http
    [CONTEXT_PREFIX] => 
    [CONTEXT_DOCUMENT_ROOT] => C:/xampp/htdocs
    [SERVER_ADMIN] => postmaster@localhost
    [SCRIPT_FILENAME] => C:/xampp/htdocs/Lewvitec/pesapal_callback.php
    [REMOTE_PORT] => 60105
    [GATEWAY_INTERFACE] => CGI/1.1
    [SERVER_PROTOCOL] => HTTP/1.1
    [REQUEST_METHOD] => GET
    [QUERY_STRING] => OrderTrackingId=f6ef673f-2861-47ab-b7e7-db505bf2f442&OrderMerchantReference=ORD_269_1758191910
    [REQUEST_URI] => /Lewvitec/pesapal_callback.php?OrderTrackingId=f6ef673f-2861-47ab-b7e7-db505bf2f442&OrderMerchantReference=ORD_269_1758191910
    [SCRIPT_NAME] => /Lewvitec/pesapal_callback.php
    [PHP_SELF] => /Lewvitec/pesapal_callback.php
    [REQUEST_TIME_FLOAT] => 1758194127.5937
    [REQUEST_TIME] => 1758194127
)

Array
(
    [OrderTrackingId] => f6ef673f-2861-47ab-b7e7-db505bf2f442
    [OrderMerchantReference] => ORD_269_1758191910
)

Array
(
)
Array
(
    [MIBDIRS] => /xampp/php/extras/mibs
    [MYSQL_HOME] => \xampp\mysql\bin
    [OPENSSL_CONF] => /xampp/apache/bin/openssl.cnf
    [PHP_PEAR_SYSCONF_DIR] => \xampp\php
    [PHPRC] => \xampp\php
    [TMP] => \xampp\tmp
    [HTTP_HOST] => 8e086d3ddab5.ngrok-free.app
    [HTTP_USER_AGENT] => Mozilla/5.0 (Windows NT 10.0; Win64; x64; rv:143.0) Gecko/20100101 Firefox/143.0
    [HTTP_ACCEPT] => text/html,application/xhtml+xml,application/xml;q=0.9,*/*;q=0.8
    [HTTP_ACCEPT_ENCODING] => gzip, deflate, br, zstd
    [HTTP_ACCEPT_LANGUAGE] => en-US,en;q=0.5
    [HTTP_COOKIE] => abuse_interstitial=8e086d3ddab5.ngrok-free.app; PHPSESSID=uuuuf45c74hffmtjjp438sckf4
    [HTTP_PRIORITY] => u=0, i
    [HTTP_REFERER] => https://pay.pesapal.com/
    [HTTP_SEC_FETCH_DEST] => document
    [HTTP_SEC_FETCH_MODE] => navigate
    [HTTP_SEC_FETCH_SITE] => cross-site
    [HTTP_TE] => trailers
    [HTTP_UPGRADE_INSECURE_REQUESTS] => 1
    [HTTP_X_FORWARDED_FOR] => 105.160.50.13
    [HTTP_X_FORWARDED_HOST] => 8e086d3ddab5.ngrok-free.app
    [HTTP_X_FORWARDED_PROTO] => https
    [PATH] => C:\Windows\system32;C:\Windows;C:\Windows\System32\Wbem;C:\Windows\System32\WindowsPowerShell\v1.0\;C:\Windows\System32\OpenSSH\;C:\Program Files\Intel\WiFi\bin\;C:\Program Files\Common Files\Intel\WirelessCommon\;C:\Program Files\Git\cmd;C:\Windows\system32\config\systemprofile\AppData\Local\Microsoft\WindowsApps
    [SystemRoot] => C:\Windows
    [COMSPEC] => C:\Windows\system32\cmd.exe
    [PATHEXT] => .COM;.EXE;.BAT;.CMD;.VBS;.VBE;.JS;.JSE;.WSF;.WSH;.MSC
    [WINDIR] => C:\Windows
    [SERVER_SIGNATURE] => <address>Apache/2.4.58 (Win64) OpenSSL/3.1.3 PHP/8.0.30 Server at 8e086d3ddab5.ngrok-free.app Port 80</address>

    [SERVER_SOFTWARE] => Apache/2.4.58 (Win64) OpenSSL/3.1.3 PHP/8.0.30
    [SERVER_NAME] => 8e086d3ddab5.ngrok-free.app
    [SERVER_ADDR] => ::1
    [SERVER_PORT] => 80
    [REMOTE_ADDR] => ::1
    [DOCUMENT_ROOT] => C:/xampp/htdocs
    [REQUEST_SCHEME] => http
    [CONTEXT_PREFIX] => 
    [CONTEXT_DOCUMENT_ROOT] => C:/xampp/htdocs
    [SERVER_ADMIN] => postmaster@localhost
    [SCRIPT_FILENAME] => C:/xampp/htdocs/Lewvitec/pesapal_callback.php
    [REMOTE_PORT] => 60180
    [GATEWAY_INTERFACE] => CGI/1.1
    [SERVER_PROTOCOL] => HTTP/1.1
    [REQUEST_METHOD] => GET
    [QUERY_STRING] => OrderTrackingId=dcb471d6-5e5c-4294-b91e-db504b05a27e&OrderMerchantReference=ORD_273_1758194277
    [REQUEST_URI] => /Lewvitec/pesapal_callback.php?OrderTrackingId=dcb471d6-5e5c-4294-b91e-db504b05a27e&OrderMerchantReference=ORD_273_1758194277
    [SCRIPT_NAME] => /Lewvitec/pesapal_callback.php
    [PHP_SELF] => /Lewvitec/pesapal_callback.php
    [REQUEST_TIME_FLOAT] => 1758194448.6184
    [REQUEST_TIME] => 1758194448
)

Array
(
    [OrderTrackingId] => dcb471d6-5e5c-4294-b91e-db504b05a27e
    [OrderMerchantReference] => ORD_273_1758194277
)

Array
(
)
Array
(
    [MIBDIRS] => /xampp/php/extras/mibs
    [MYSQL_HOME] => \xampp\mysql\bin
    [OPENSSL_CONF] => /xampp/apache/bin/openssl.cnf
    [PHP_PEAR_SYSCONF_DIR] => \xampp\php
    [PHPRC] => \xampp\php
    [TMP] => \xampp\tmp
    [HTTP_HOST] => 8e086d3ddab5.ngrok-free.app
    [HTTP_USER_AGENT] => Mozilla/5.0 (Windows NT 10.0; Win64; x64; rv:143.0) Gecko/20100101 Firefox/143.0
    [HTTP_ACCEPT] => text/html,application/xhtml+xml,application/xml;q=0.9,*/*;q=0.8
    [HTTP_ACCEPT_ENCODING] => gzip, deflate, br, zstd
    [HTTP_ACCEPT_LANGUAGE] => en-US,en;q=0.5
    [HTTP_COOKIE] => abuse_interstitial=8e086d3ddab5.ngrok-free.app; PHPSESSID=uuuuf45c74hffmtjjp438sckf4
    [HTTP_PRIORITY] => u=0, i
    [HTTP_REFERER] => https://pay.pesapal.com/
    [HTTP_SEC_FETCH_DEST] => document
    [HTTP_SEC_FETCH_MODE] => navigate
    [HTTP_SEC_FETCH_SITE] => cross-site
    [HTTP_TE] => trailers
    [HTTP_UPGRADE_INSECURE_REQUESTS] => 1
    [HTTP_X_FORWARDED_FOR] => 105.160.50.13
    [HTTP_X_FORWARDED_HOST] => 8e086d3ddab5.ngrok-free.app
    [HTTP_X_FORWARDED_PROTO] => https
    [PATH] => C:\Windows\system32;C:\Windows;C:\Windows\System32\Wbem;C:\Windows\System32\WindowsPowerShell\v1.0\;C:\Windows\System32\OpenSSH\;C:\Program Files\Intel\WiFi\bin\;C:\Program Files\Common Files\Intel\WirelessCommon\;C:\Program Files\Git\cmd;C:\Windows\system32\config\systemprofile\AppData\Local\Microsoft\WindowsApps
    [SystemRoot] => C:\Windows
    [COMSPEC] => C:\Windows\system32\cmd.exe
    [PATHEXT] => .COM;.EXE;.BAT;.CMD;.VBS;.VBE;.JS;.JSE;.WSF;.WSH;.MSC
    [WINDIR] => C:\Windows
    [SERVER_SIGNATURE] => <address>Apache/2.4.58 (Win64) OpenSSL/3.1.3 PHP/8.0.30 Server at 8e086d3ddab5.ngrok-free.app Port 80</address>

    [SERVER_SOFTWARE] => Apache/2.4.58 (Win64) OpenSSL/3.1.3 PHP/8.0.30
    [SERVER_NAME] => 8e086d3ddab5.ngrok-free.app
    [SERVER_ADDR] => ::1
    [SERVER_PORT] => 80
    [REMOTE_ADDR] => ::1
    [DOCUMENT_ROOT] => C:/xampp/htdocs
    [REQUEST_SCHEME] => http
    [CONTEXT_PREFIX] => 
    [CONTEXT_DOCUMENT_ROOT] => C:/xampp/htdocs
    [SERVER_ADMIN] => postmaster@localhost
    [SCRIPT_FILENAME] => C:/xampp/htdocs/Lewvitec/pesapal_callback.php
    [REMOTE_PORT] => 60198
    [GATEWAY_INTERFACE] => CGI/1.1
    [SERVER_PROTOCOL] => HTTP/1.1
    [REQUEST_METHOD] => GET
    [QUERY_STRING] => OrderTrackingId=dcb471d6-5e5c-4294-b91e-db504b05a27e&OrderMerchantReference=ORD_273_1758194277
    [REQUEST_URI] => /Lewvitec/pesapal_callback.php?OrderTrackingId=dcb471d6-5e5c-4294-b91e-db504b05a27e&OrderMerchantReference=ORD_273_1758194277
    [SCRIPT_NAME] => /Lewvitec/pesapal_callback.php
    [PHP_SELF] => /Lewvitec/pesapal_callback.php
    [REQUEST_TIME_FLOAT] => 1758194548.5266
    [REQUEST_TIME] => 1758194548
)

Array
(
    [OrderTrackingId] => dcb471d6-5e5c-4294-b91e-db504b05a27e
    [OrderMerchantReference] => ORD_273_1758194277
)

Array
(
)
